<?xml version="1.0" encoding="UTF-8"?>
<testng-results skipped="0" failed="0" ignored="0" total="1" passed="1">
  <reporter-output>
  </reporter-output>
  <suite name="Default suite" duration-ms="61" started-at="2022-03-14T10:48:13Z" finished-at="2022-03-14T10:48:13Z">
    <groups>
    </groups>
    <test name="Default test" duration-ms="61" started-at="2022-03-14T10:48:13Z" finished-at="2022-03-14T10:48:13Z">
      <class name="ContactTest.ReadDataTest">
        <test-method status="PASS" signature="readData()[pri:0, instance:ContactTest.ReadDataTest@56f4468b]" name="readData" duration-ms="15" started-at="2022-03-14T10:48:13Z" finished-at="2022-03-14T10:48:13Z">
          <reporter-output>
          </reporter-output>
        </test-method> <!-- readData -->
      </class> <!-- ContactTest.ReadDataTest -->
    </test> <!-- Default test -->
  </suite> <!-- Default suite -->
</testng-results>
