<?xml version="1.0" encoding="UTF-8"?>
<testng-results skipped="0" failed="0" ignored="0" total="2" passed="2">
  <reporter-output>
  </reporter-output>
  <suite name="Default suite" duration-ms="69" started-at="2022-03-16T06:26:56Z" finished-at="2022-03-16T06:26:56Z">
    <groups>
    </groups>
    <test name="Default test" duration-ms="69" started-at="2022-03-16T06:26:56Z" finished-at="2022-03-16T06:26:56Z">
      <class name="ComCastPractiseJenkins.CreateOrgTest">
        <test-method status="PASS" signature="createOrg()[pri:0, instance:ComCastPractiseJenkins.CreateOrgTest@56f4468b]" name="createOrg" duration-ms="6" started-at="2022-03-16T06:26:56Z" finished-at="2022-03-16T06:26:56Z">
          <reporter-output>
          </reporter-output>
        </test-method> <!-- createOrg -->
        <test-method status="PASS" signature="createOrg1()[pri:0, instance:ComCastPractiseJenkins.CreateOrgTest@56f4468b]" name="createOrg1" duration-ms="0" started-at="2022-03-16T06:26:56Z" finished-at="2022-03-16T06:26:56Z">
          <reporter-output>
          </reporter-output>
        </test-method> <!-- createOrg1 -->
      </class> <!-- ComCastPractiseJenkins.CreateOrgTest -->
    </test> <!-- Default test -->
  </suite> <!-- Default suite -->
</testng-results>
